<?xml version="1.0" encoding="UTF-8"?>
<!-- Generated by org.testng.reporters.JUnitReportReporter -->
<testsuite skipped="1" hostname="LIN49002181" name="testRunner.testRunner1" tests="1" failures="0" timestamp="12 Jan 2021 19:15:27 GMT" time="151.984" errors="0">
  <testcase name="run_cukes" time="151.984" classname="testRunner.testRunner1">
    <skipped/>
  </testcase> <!-- run_cukes -->
</testsuite> <!-- testRunner.testRunner1 -->
